<?xml version="1.0" encoding="UTF-8"?>
<!-- Generated by org.testng.reporters.JUnitReportReporter -->
<testsuite skipped="0" hostname="localhost" name="testSuites.TaskOneTest" tests="4" failures="0" timestamp="22 Jul 2020 08:35:47 GMT" time="5.364" errors="0">
  <testcase name="GetListOfAllBreeds" time="3.103" classname="testSuites.TaskOneTest"/>
  <testcase name="VerifyRetriever" time="1.183" classname="testSuites.TaskOneTest"/>
  <testcase name="GetListOfSubBreeds" time="0.640" classname="testSuites.TaskOneTest"/>
  <testcase name="GetImageRandom" time="0.438" classname="testSuites.TaskOneTest"/>
</testsuite> <!-- testSuites.TaskOneTest -->
