<?xml version="1.0" encoding="UTF-8"?>
<!-- Generated by org.testng.reporters.JUnitReportReporter -->
<testsuite skipped="0" hostname="localhost" name="testSuites.TaskTwoTest" tests="6" failures="0" timestamp="22 Jul 2020 08:35:47 GMT" time="17.421" errors="0">
  <testcase name="NavigateToUrl" time="8.511" classname="testSuites.TaskTwoTest"/>
  <testcase name="ValidateUserListTable" time="0.273" classname="testSuites.TaskTwoTest"/>
  <testcase name="ClickAddUser" time="0.760" classname="testSuites.TaskTwoTest"/>
  <testcase name="AddUsersToTable" time="7.757" classname="testSuites.TaskTwoTest"/>
  <testcase name="ValidateUserNameIsUnique" time="0.004" classname="testSuites.TaskTwoTest"/>
  <testcase name="ValidateUserAreAddedToList" time="0.116" classname="testSuites.TaskTwoTest"/>
</testsuite> <!-- testSuites.TaskTwoTest -->
